\BOOKMARK [0][-]{chapter*.1}{Agradecimentos}{}% 1
\BOOKMARK [0][-]{chapter*.2}{Sum\341rio}{}% 2
\BOOKMARK [0][-]{chapter*.3}{Abstract}{}% 3
\BOOKMARK [0][-]{chapter.1}{Introdu\347\343o}{}% 4
\BOOKMARK [1][-]{section.1.1}{Descri\347\343o}{chapter.1}% 5
\BOOKMARK [1][-]{section.1.2}{Objetivo}{chapter.1}% 6
\BOOKMARK [1][-]{section.1.3}{Estrutura do Relat\363rio}{chapter.1}% 7
\BOOKMARK [0][-]{chapter.2}{A Empresa}{}% 8
\BOOKMARK [1][-]{section.2.1}{Carateriza\347\343o da Empresa}{chapter.2}% 9
\BOOKMARK [1][-]{section.2.2}{Objetivos da Empresa}{chapter.2}% 10
\BOOKMARK [1][-]{section.2.3}{Historial da Empresa}{chapter.2}% 11
\BOOKMARK [1][-]{section.2.4}{Estrutura Hier\341rquica}{chapter.2}% 12
\BOOKMARK [1][-]{section.2.5}{\301reas de Neg\363cio}{chapter.2}% 13
\BOOKMARK [1][-]{section.2.6}{Log\363tipo}{chapter.2}% 14
\BOOKMARK [1][-]{section.2.7}{Localiza\347\343o}{chapter.2}% 15
\BOOKMARK [0][-]{chapter.3}{O Projeto}{}% 16
\BOOKMARK [1][-]{section.3.1}{Descri\347\343o}{chapter.3}% 17
\BOOKMARK [1][-]{section.3.2}{Objetivos}{chapter.3}% 18
\BOOKMARK [1][-]{section.3.3}{Funcionalidades}{chapter.3}% 19
\BOOKMARK [1][-]{section.3.4}{Ferramentas a utilizar}{chapter.3}% 20
\BOOKMARK [1][-]{section.3.5}{Atividades a desenvolver}{chapter.3}% 21
\BOOKMARK [0][-]{section.3.5}{Atividades a desenvolver}{}% 22
\BOOKMARK [1][-]{section.3.6}{Calendariza\347\343o do Projeto}{section.3.5}% 23
\BOOKMARK [1][-]{section.3.7}{Fases de Implementa\347\343o}{section.3.5}% 24
\BOOKMARK [0][-]{section.3.7}{Fases de Implementa\347\343o}{}% 25
\BOOKMARK [1][-]{subsection.3.7.1}{A2a - Actors}{section.3.7}% 26
\BOOKMARK [2][-]{subsection.3.7.2}{A2b - User Stories}{subsection.3.7.1}% 27
\BOOKMARK [2][-]{subsection.3.7.3}{A3a - Interface do Website}{subsection.3.7.1}% 28
\BOOKMARK [2][-]{subsection.3.7.4}{A3b - Sitemap}{subsection.3.7.1}% 29
\BOOKMARK [2][-]{subsection.3.7.5}{A3c - Intera\347\365es}{subsection.3.7.1}% 30
\BOOKMARK [2][-]{subsection.3.7.6}{A4 - Requisitos do sistema}{subsection.3.7.1}% 31
\BOOKMARK [2][-]{subsection.3.7.7}{A5 - Modelo UML}{subsection.3.7.1}% 32
\BOOKMARK [2][-]{subsection.3.7.8}{Especifica\347\343o de Requisitos}{subsection.3.7.1}% 33
\BOOKMARK [0][-]{chapter.4}{Considera\347\365es Finais}{}% 34
\BOOKMARK [1][-]{section.4.1}{Dificuldades}{chapter.4}% 35
\BOOKMARK [2][-]{subsection.4.1.1}{A2}{section.4.1}% 36
\BOOKMARK [2][-]{subsection.4.1.2}{A3A}{section.4.1}% 37
\BOOKMARK [2][-]{subsection.4.1.3}{A3B}{section.4.1}% 38
\BOOKMARK [2][-]{subsection.4.1.4}{A3C}{section.4.1}% 39
\BOOKMARK [2][-]{subsection.4.1.5}{A4}{section.4.1}% 40
\BOOKMARK [2][-]{subsection.4.1.6}{A5}{section.4.1}% 41
